--- Startup times for process: Primary (or UI client) ---

times in msec
 clock   self+sourced   self:  sourced script
 clock   elapsed:              other lines

000.002  000.002: --- NVIM STARTING ---
000.199  000.196: event init
000.330  000.131: early init
000.434  000.104: locale set
000.506  000.072: init first window
001.127  000.622: inits 1
001.141  000.013: window checked
001.146  000.005: parsing arguments
001.840  000.076  000.076: require('vim.shared')
001.981  000.056  000.056: require('vim.inspect')
002.046  000.053  000.053: require('vim._options')
002.050  000.203  000.095: require('vim._editor')
002.055  000.341  000.062: require('vim._init_packages')
002.060  000.573: init lua interpreter
003.639  001.579: nvim_ui_attach
004.127  000.488: nvim_set_client_info
004.132  000.005: --- NVIM STARTED ---

--- Startup times for process: Embedded ---

times in msec
 clock   self+sourced   self:  sourced script
 clock   elapsed:              other lines

000.002  000.002: --- NVIM STARTING ---
000.202  000.201: event init
000.322  000.120: early init
000.407  000.085: locale set
000.471  000.064: init first window
001.113  000.642: inits 1
001.132  000.018: window checked
001.136  000.005: parsing arguments
001.811  000.065  000.065: require('vim.shared')
001.951  000.059  000.059: require('vim.inspect')
002.025  000.061  000.061: require('vim._options')
002.029  000.212  000.093: require('vim._editor')
002.034  000.325  000.047: require('vim._init_packages')
002.038  000.577: init lua interpreter
002.146  000.108: expanding arguments
002.194  000.047: inits 2
002.627  000.434: init highlight
002.632  000.005: waiting for UI
002.788  000.156: done waiting for UI
002.797  000.009: clear screen
002.984  000.019  000.019: require('vim.keymap')
004.268  001.465  001.446: require('vim._defaults')
004.272  000.010: init default mappings & autocommands
005.274  000.082  000.082: sourcing /usr/local/share/nvim/runtime/ftplugin.vim
005.395  000.044  000.044: sourcing /usr/local/share/nvim/runtime/indent.vim
005.826  000.054  000.054: require('vim.fs')
005.968  000.136  000.136: require('vim.uri')
005.991  000.260  000.071: require('vim.loader')
864468.725  864463.221  864462.960: sourcing /var/home/gmack/.config/nvim_rocks/init.lua
864468.773  001.154: sourcing vimrc file(s)
864678.585  209.654  209.654: sourcing /usr/local/share/nvim/runtime/filetype.lua
864678.942  000.109  000.109: sourcing /usr/local/share/nvim/runtime/syntax/synload.vim
864858.848  179.835  179.835: sourcing /usr/local/share/nvim/runtime/filetype.lua
864949.085  270.351  090.407: sourcing /usr/local/share/nvim/runtime/syntax/syntax.vim
864950.506  000.231  000.231: sourcing /usr/local/share/nvim/runtime/plugin/gzip.vim
864951.699  000.298  000.298: sourcing /usr/local/share/nvim/runtime/pack/dist/opt/matchit/plugin/matchit.vim
864951.797  001.236  000.938: sourcing /usr/local/share/nvim/runtime/plugin/matchit.vim
864952.039  000.192  000.192: sourcing /usr/local/share/nvim/runtime/plugin/matchparen.vim
864952.510  000.418  000.418: sourcing /usr/local/share/nvim/runtime/plugin/netrwPlugin.vim
864953.108  000.525  000.525: sourcing /usr/local/share/nvim/runtime/plugin/rplugin.vim
864953.261  000.085  000.085: sourcing /usr/local/share/nvim/runtime/plugin/shada.vim
864953.351  000.026  000.026: sourcing /usr/local/share/nvim/runtime/plugin/spellfile.vim
864953.501  000.100  000.100: sourcing /usr/local/share/nvim/runtime/plugin/tarPlugin.vim
864953.584  000.021  000.021: sourcing /usr/local/share/nvim/runtime/plugin/tutor.vim
864953.816  000.182  000.182: sourcing /usr/local/share/nvim/runtime/plugin/zipPlugin.vim
865158.416  204.538  204.538: sourcing /usr/local/share/nvim/runtime/plugin/editorconfig.lua
865368.537  210.007  210.007: sourcing /usr/local/share/nvim/runtime/plugin/man.lua
865579.029  210.390  210.390: sourcing /usr/local/share/nvim/runtime/plugin/osc52.lua
865789.018  209.874  209.874: sourcing /usr/local/share/nvim/runtime/plugin/tohtml.lua
865789.076  002.473: loading rtp plugins
865789.423  000.347: loading packages
865790.098  000.675: loading after plugins
865790.115  000.017: inits 3
865790.138  000.023: reading ShaDa
865790.273  000.135: opening buffers
865790.314  000.041: BufEnter autocommands
865790.319  000.005: editing files in windows
865790.469  000.151: VimEnter autocommands
865790.475  000.005: UIEnter autocommands
865790.480  000.005: before starting main loop
865818.904  028.424: first screen update
865818.912  000.009: --- NVIM STARTED ---

--- Startup times for process: Primary (or UI client) ---

times in msec
 clock   self+sourced   self:  sourced script
 clock   elapsed:              other lines

000.002  000.002: --- NVIM STARTING ---
000.191  000.189: event init
000.484  000.293: early init
000.563  000.079: locale set
000.624  000.062: init first window
001.126  000.501: inits 1
001.137  000.011: window checked
001.142  000.005: parsing arguments
001.728  000.060  000.060: require('vim.shared')
001.849  000.050  000.050: require('vim.inspect')
001.910  000.049  000.049: require('vim._options')
001.914  000.181  000.082: require('vim._editor')
001.919  000.288  000.047: require('vim._init_packages')
001.924  000.494: init lua interpreter
003.467  001.544: nvim_ui_attach
004.036  000.569: nvim_set_client_info
004.041  000.005: --- NVIM STARTED ---

--- Startup times for process: Embedded ---

times in msec
 clock   self+sourced   self:  sourced script
 clock   elapsed:              other lines

000.002  000.002: --- NVIM STARTING ---
000.166  000.164: event init
000.269  000.103: early init
000.343  000.074: locale set
000.415  000.072: init first window
000.910  000.494: inits 1
000.927  000.017: window checked
000.932  000.004: parsing arguments
001.537  000.058  000.058: require('vim.shared')
001.661  000.051  000.051: require('vim.inspect')
001.724  000.050  000.050: require('vim._options')
001.729  000.186  000.085: require('vim._editor')
001.733  000.291  000.047: require('vim._init_packages')
001.738  000.516: init lua interpreter
001.830  000.092: expanding arguments
001.875  000.045: inits 2
002.235  000.359: init highlight
002.238  000.003: waiting for UI
002.401  000.163: done waiting for UI
002.411  000.009: clear screen
002.544  000.011  000.011: require('vim.keymap')
003.933  001.518  001.507: require('vim._defaults')
003.940  000.012: init default mappings & autocommands
004.826  000.075  000.075: sourcing /usr/local/share/nvim/runtime/ftplugin.vim
004.945  000.045  000.045: sourcing /usr/local/share/nvim/runtime/indent.vim
005.070  001.010: sourcing vimrc file(s)
005.260  000.135  000.135: sourcing /usr/local/share/nvim/runtime/filetype.lua
005.503  000.083  000.083: sourcing /usr/local/share/nvim/runtime/syntax/synload.vim
005.658  000.325  000.242: sourcing /usr/local/share/nvim/runtime/syntax/syntax.vim
006.700  000.169  000.169: sourcing /usr/local/share/nvim/runtime/plugin/gzip.vim
007.485  000.199  000.199: sourcing /usr/local/share/nvim/runtime/pack/dist/opt/matchit/plugin/matchit.vim
007.562  000.815  000.617: sourcing /usr/local/share/nvim/runtime/plugin/matchit.vim
007.748  000.144  000.144: sourcing /usr/local/share/nvim/runtime/plugin/matchparen.vim
008.102  000.309  000.309: sourcing /usr/local/share/nvim/runtime/plugin/netrwPlugin.vim
008.315  000.154  000.154: sourcing /usr/local/share/nvim/runtime/plugin/rplugin.vim
008.440  000.063  000.063: sourcing /usr/local/share/nvim/runtime/plugin/shada.vim
008.515  000.021  000.021: sourcing /usr/local/share/nvim/runtime/plugin/spellfile.vim
008.660  000.096  000.096: sourcing /usr/local/share/nvim/runtime/plugin/tarPlugin.vim
008.734  000.019  000.019: sourcing /usr/local/share/nvim/runtime/plugin/tutor.vim
008.942  000.144  000.144: sourcing /usr/local/share/nvim/runtime/plugin/zipPlugin.vim
009.074  000.072  000.072: sourcing /usr/local/share/nvim/runtime/plugin/editorconfig.lua
009.201  000.076  000.076: sourcing /usr/local/share/nvim/runtime/plugin/man.lua
009.321  000.069  000.069: sourcing /usr/local/share/nvim/runtime/plugin/osc52.lua
009.468  000.081  000.081: sourcing /usr/local/share/nvim/runtime/plugin/tohtml.lua
009.491  001.728: loading rtp plugins
009.723  000.232: loading packages
010.199  000.475: loading after plugins
010.210  000.011: inits 3
011.642  001.433: reading ShaDa
011.790  000.148: opening buffers
011.827  000.037: BufEnter autocommands
011.832  000.005: editing files in windows
011.963  000.132: VimEnter autocommands
011.968  000.005: UIEnter autocommands
011.973  000.005: before starting main loop
012.201  000.229: first screen update
012.206  000.004: --- NVIM STARTED ---

--- Startup times for process: Primary (or UI client) ---

times in msec
 clock   self+sourced   self:  sourced script
 clock   elapsed:              other lines

000.002  000.002: --- NVIM STARTING ---
000.157  000.154: event init
000.239  000.082: early init
000.298  000.059: locale set
000.346  000.048: init first window
000.814  000.468: inits 1
000.825  000.011: window checked
--- Startup times for process: Primary (or UI client) ---

times in msec
 clock   self+sourced   self:  sourced script
 clock   elapsed:              other lines

000.002  000.002: --- NVIM STARTING ---
000.172  000.170: event init
000.260  000.088: early init
000.321  000.062: locale set
000.374  000.053: init first window
000.810  000.436: inits 1
001.106  000.296: window checked
001.587  000.047  000.047: require('vim.shared')
001.687  000.042  000.042: require('vim.inspect')
001.737  000.040  000.040: require('vim._options')
001.742  000.150  000.068: require('vim._editor')
001.747  000.233  000.035: require('vim._init_packages')
